<?xml version="1.0" encoding="utf-8"?><testsuites name="pytest tests"><testsuite name="pytest" errors="0" failures="0" skipped="3" tests="6" time="0.080" timestamp="2026-01-28T18:48:58.930464+05:30" hostname="LAPTOP-AGKHP7SR"><testcase classname="tests.test_functional_testing" name="test_addition[1-2-3]" time="0.001" /><testcase classname="tests.test_functional_testing" name="test_addition[5-5-10]" time="0.001" /><testcase classname="tests.test_functional_testing" name="test_addition[-1-1-0]" time="0.000" /><testcase classname="tests.test_functional_testing" name="test_skip_example" time="0.000"><skipped type="pytest.skip" message="Feature not implemented yet">C:\Users\HP\PyCharmMiscProject\Day11\tests\test_functional_testing.py:22: Feature not implemented yet</skipped></testcase><testcase classname="tests.test_functional_testing" name="test_linux_only" time="0.000"><skipped type="pytest.skip" message="Not supported on Windows">C:\Users\HP\PyCharmMiscProject\Day11\tests\test_functional_testing.py:27: Not supported on Windows</skipped></testcase><testcase classname="tests.test_functional_testing" name="test_xfail_example" time="0.001"><skipped type="pytest.xfail" message="Known bug" /></testcase></testsuite></testsuites>
